<?xml version="1.0" encoding="UTF-8"?>
<beans xmlns="http://www.springframework.org/schema/beans"
       xmlns:xsi="http://www.w3.org/2001/XMLSchema-instance"
       xmlns:p="http://www.springframework.org/schema/p"
       xmlns:context="http://www.springframework.org/schema/context"
       xmlns:mongo="http://www.springframework.org/schema/data/mongo"
       xsi:schemaLocation= "http://www.springframework.org/schema/context
          http://www.springframework.org/schema/context/spring-context-3.0.xsd
          http://www.springframework.org/schema/data/mongo
          http://www.springframework.org/schema/data/mongo/spring-mongo-1.5.xsd
          http://www.springframework.org/schema/beans
          http://www.springframework.org/schema/beans/spring-beans-3.0.xsd">

    <context:annotation-config/>
    <context:component-scan base-package="com.bb"/>

    <bean id="propsConfigurer" class="org.springframework.beans.factory.config.PropertyPlaceholderConfigurer"
          p:ignoreResourceNotFound="true"
          p:systemPropertiesModeName="SYSTEM_PROPERTIES_MODE_OVERRIDE"
          p:ignoreUnresolvablePlaceholders="true"
          p:location="file:/fake.properties" />

    <context:property-placeholder location="classpath:/db-test.properties"/>

    <mongo:repositories base-package="com.bb.dal.dao" mongo-template-ref="myMongoTemplate"/>

    <mongo:mongo id="mongo" host="${mongo.host}" port="${mongo.port}">
        <mongo:options
                connections-per-host="${mongo.connectionsPerHost}"
                threads-allowed-to-block-for-connection-multiplier="${mongo.threadsAllowedToBlockForConnectionMultiplier}"
                connect-timeout="${mongo.connectTimeout}"
                max-wait-time="${mongo.maxWaitTime}"
                auto-connect-retry="${mongo.autoConnectRetry}"
                socket-keep-alive="${mongo.socketKeepAlive}"
                socket-timeout="${mongo.socketTimeout}"
                slave-ok="${mongo.slaveOk}"
                write-number="1"
                write-timeout="0"
                write-fsync="true"/>
    </mongo:mongo>

    <mongo:db-factory id="mongoDbFactory" dbname="database" mongo-ref="mongo"/>

    <bean id="myMongoTemplate" class="org.springframework.data.mongodb.core.MongoTemplate" p:writeResultChecking="EXCEPTION" >
        <constructor-arg name="mongoDbFactory" ref="mongoDbFactory"/>
    </bean>

    <!-- add validator for entities -->
    <bean class="org.springframework.validation.beanvalidation.LocalValidatorFactoryBean"/>


    <bean id="messageSource" class="org.springframework.context.support.ReloadableResourceBundleMessageSource">
        <property name="basename" value="classpath:messages" />
        <property name="defaultEncoding" value="UTF-8" />
        <property name="useCodeAsDefaultMessage" value="true" />
    </bean>

    <bean id="localeResolver" class="org.springframework.web.servlet.i18n.CookieLocaleResolver">
        <property name="defaultLocale" value="en" />
        <property name="cookieName" value="myAppLocaleCookie"></property>
        <property name="cookieMaxAge" value="3600"></property>
    </bean>

</beans>